<?xml version="1.0" encoding="UTF-8"?>
<!-- Generated by org.testng.reporters.JUnitReportReporter -->
<testsuite hostname="Ninja" name="Tests.Test001" tests="3" failures="0" timestamp="25 Jan 2017 19:28:22 GMT" time="0.097" errors="0">
  <testcase name="Test1" time="0.028" classname="Tests.Test001"/>
  <testcase name="Test2" time="0.033" classname="Tests.Test001"/>
  <testcase name="Test3" time="0.036" classname="Tests.Test001"/>
</testsuite> <!-- Tests.Test001 -->
