<?xml version="1.0" encoding="UTF-8"?>
<!-- Generated by org.testng.reporters.JUnitReportReporter -->
<testsuite hostname="Ninja" name="Tests.Test001" tests="3" failures="0" timestamp="25 Jan 2017 19:36:14 GMT" time="3.517" errors="0">
  <testcase name="Test3" time="0.972" classname="Tests.Test001"/>
  <testcase name="Test2" time="1.197" classname="Tests.Test001"/>
  <testcase name="Test1" time="1.348" classname="Tests.Test001"/>
</testsuite> <!-- Tests.Test001 -->
